<?xml version="1.0" encoding="UTF-8"?>
<!-- Generated by org.testng.reporters.JUnitXMLReporter -->
<testsuite ignored="0" hostname="ACo-PC-Fixe" failures="0" tests="1" name="TestOnFirefox" time="6.601" errors="0" timestamp="2022-01-03T10:07:05 CET">
  <testcase classname="demo.TestNGMultiBrowserDemo" name="@BeforeTest setup" time="0.057">
    <failure type="java.lang.IllegalStateException" message="The path to the driver executable The path to the driver executable must be set by the webdriver.ie.driver system property; for more information, see https://github.com/SeleniumHQ/selenium/wiki/InternetExplorerDriver. The latest version can be downloaded from https://www.selenium.dev/downloads/">
      <![CDATA[java.lang.IllegalStateException: The path to the driver executable The path to the driver executable must be set by the webdriver.ie.driver system property; for more information, see https://github.com/SeleniumHQ/selenium/wiki/InternetExplorerDriver. The latest version can be downloaded from https://www.selenium.dev/downloads/
at org.openqa.selenium.internal.Require$StateChecker.nonNull(Require.java:280)
at org.openqa.selenium.remote.service.DriverService.findExecutable(DriverService.java:132)
at org.openqa.selenium.ie.InternetExplorerDriverService.access$000(InternetExplorerDriverService.java:38)
at org.openqa.selenium.ie.InternetExplorerDriverService$Builder.findDefaultExecutable(InternetExplorerDriverService.java:170)
at org.openqa.selenium.remote.service.DriverService$Builder.build(DriverService.java:434)
at org.openqa.selenium.ie.InternetExplorerDriver.setupService(InternetExplorerDriver.java:245)
at org.openqa.selenium.ie.InternetExplorerDriver.<init>(InternetExplorerDriver.java:176)
at org.openqa.selenium.ie.InternetExplorerDriver.<init>(InternetExplorerDriver.java:142)
at demo.TestNGMultiBrowserDemo.setup(TestNGMultiBrowserDemo.java:41)
at java.base/java.util.concurrent.FutureTask.run(FutureTask.java:264)
at java.base/java.util.concurrent.ThreadPoolExecutor.runWorker(ThreadPoolExecutor.java:1130)
at java.base/java.util.concurrent.ThreadPoolExecutor$Worker.run(ThreadPoolExecutor.java:630)
at java.base/java.lang.Thread.run(Thread.java:831)
... Removed 15 stack frames]]>
    </failure>
  </testcase> <!-- @BeforeTest setup -->
  <testcase classname="demo.TestNGMultiBrowserDemo" name="@AfterTest teardown" time="-1.641200818561E9">
    <skipped/>
  </testcase> <!-- @AfterTest teardown -->
  <testcase classname="demo.TestNGMultiBrowserDemo" name="test1" time="3.457"/>
</testsuite> <!-- TestOnFirefox -->
