<?xml version="1.0" encoding="UTF-8"?>
<testng-results ignored="0" total="9" passed="7" failed="2" skipped="0">
  <reporter-output>
  </reporter-output>
  <suite started-at="2021-09-01T17:30:31 CEST" name="Default suite" finished-at="2021-09-01T17:31:57 CEST" duration-ms="86365">
    <groups>
    </groups>
    <test started-at="2021-09-01T17:30:31 CEST" name="Default test" finished-at="2021-09-01T17:31:57 CEST" duration-ms="86365">
      <class name="Authentification.CreateJobOrder">
        <test-method is-config="true" signature="beforeClass()[pri:0, instance:Authentification.CreateJobOrder@47faa49c]" started-at="2021-09-01T17:30:31 CEST" name="beforeClass" finished-at="2021-09-01T17:30:33 CEST" duration-ms="2074" status="PASS">
          <reporter-output>
          </reporter-output>
        </test-method> <!-- beforeClass -->
        <test-method signature="TestAddJobOrder(java.lang.String,java.lang.String,java.lang.String,java.lang.String,java.lang.String,java.lang.String,java.lang.String,java.lang.String,java.lang.String,int,java.lang.String,java.lang.String,java.lang.String,java.lang.String,java.lang.String,java.lang.String,java.lang.String,java.lang.String,java.lang.String,java.lang.String,java.lang.String,java.lang.String)[pri:0, instance:Authentification.CreateJobOrder@47faa49c]" started-at="2021-09-01T17:30:33 CEST" name="TestAddJobOrder" data-provider="RegisterData" finished-at="2021-09-01T17:30:42 CEST" duration-ms="8939" status="PASS">
          <params>
            <param index="0">
              <value>
                <![CDATA[Test Job]]>
              </value>
            </param>
            <param index="1">
              <value>
                <![CDATA[Amazon]]>
              </value>
            </param>
            <param index="2">
              <value>
                <![CDATA[Nantes]]>
              </value>
            </param>
            <param index="3">
              <value>
                <![CDATA[France]]>
              </value>
            </param>
            <param index="4">
              <value>
                <![CDATA[Bardo, Laura]]>
              </value>
            </param>
            <param index="5">
              <value>
                <![CDATA[azerty, azerty]]>
              </value>
            </param>
            <param index="6">
              <value>
                <![CDATA[FL (Freelance)]]>
              </value>
            </param>
            <param index="7">
              <value>
                <![CDATA[1664]]>
              </value>
            </param>
            <param index="8">
              <value>
                <![CDATA[Job Order Created]]>
              </value>
            </param>
            <param index="9">
              <value>
                <![CDATA[1]]>
              </value>
            </param>
            <param index="10">
              <value>
                <![CDATA[44]]>
              </value>
            </param>
            <param index="11">
              <value>
                <![CDATA[None]]>
              </value>
            </param>
            <param index="12">
              <value>
                <![CDATA[Jun]]>
              </value>
            </param>
            <param index="13">
              <value>
                <![CDATA[1990]]>
              </value>
            </param>
            <param index="14">
              <value>
                <![CDATA[400]]>
              </value>
            </param>
            <param index="15">
              <value>
                <![CDATA[5000]]>
              </value>
            </param>
            <param index="16">
              <value>
                <![CDATA[30]]>
              </value>
            </param>
            <param index="17">
              <value>
                <![CDATA[x]]>
              </value>
            </param>
            <param index="18">
              <value>
                <![CDATA[x]]>
              </value>
            </param>
            <param index="19">
              <value>
                <![CDATA[Very Good]]>
              </value>
            </param>
            <param index="20">
              <value>
                <![CDATA[Good text]]>
              </value>
            </param>
            <param index="21">
              <value>
                <![CDATA[]]>
              </value>
            </param>
          </params>
          <reporter-output>
          </reporter-output>
        </test-method> <!-- TestAddJobOrder -->
        <test-method signature="TestAddJobOrder(java.lang.String,java.lang.String,java.lang.String,java.lang.String,java.lang.String,java.lang.String,java.lang.String,java.lang.String,java.lang.String,int,java.lang.String,java.lang.String,java.lang.String,java.lang.String,java.lang.String,java.lang.String,java.lang.String,java.lang.String,java.lang.String,java.lang.String,java.lang.String,java.lang.String)[pri:0, instance:Authentification.CreateJobOrder@47faa49c]" started-at="2021-09-01T17:30:42 CEST" name="TestAddJobOrder" data-provider="RegisterData" finished-at="2021-09-01T17:30:52 CEST" duration-ms="9592" status="PASS">
          <params>
            <param index="0">
              <value>
                <![CDATA[]]>
              </value>
            </param>
            <param index="1">
              <value>
                <![CDATA[Amazon]]>
              </value>
            </param>
            <param index="2">
              <value>
                <![CDATA[Nantes]]>
              </value>
            </param>
            <param index="3">
              <value>
                <![CDATA[France]]>
              </value>
            </param>
            <param index="4">
              <value>
                <![CDATA[Bardo, Laura]]>
              </value>
            </param>
            <param index="5">
              <value>
                <![CDATA[azerty, azerty]]>
              </value>
            </param>
            <param index="6">
              <value>
                <![CDATA[FL (Freelance)]]>
              </value>
            </param>
            <param index="7">
              <value>
                <![CDATA[1664]]>
              </value>
            </param>
            <param index="8">
              <value>
                <![CDATA[Message d'erreur]]>
              </value>
            </param>
            <param index="9">
              <value>
                <![CDATA[2]]>
              </value>
            </param>
            <param index="10">
              <value>
                <![CDATA[44]]>
              </value>
            </param>
            <param index="11">
              <value>
                <![CDATA[None]]>
              </value>
            </param>
            <param index="12">
              <value>
                <![CDATA[Jun]]>
              </value>
            </param>
            <param index="13">
              <value>
                <![CDATA[1990]]>
              </value>
            </param>
            <param index="14">
              <value>
                <![CDATA[400]]>
              </value>
            </param>
            <param index="15">
              <value>
                <![CDATA[5000]]>
              </value>
            </param>
            <param index="16">
              <value>
                <![CDATA[30]]>
              </value>
            </param>
            <param index="17">
              <value>
                <![CDATA[x]]>
              </value>
            </param>
            <param index="18">
              <value>
                <![CDATA[x]]>
              </value>
            </param>
            <param index="19">
              <value>
                <![CDATA[Very Good]]>
              </value>
            </param>
            <param index="20">
              <value>
                <![CDATA[Good text]]>
              </value>
            </param>
            <param index="21">
              <value>
                <![CDATA[]]>
              </value>
            </param>
          </params>
          <reporter-output>
          </reporter-output>
        </test-method> <!-- TestAddJobOrder -->
        <test-method signature="TestAddJobOrder(java.lang.String,java.lang.String,java.lang.String,java.lang.String,java.lang.String,java.lang.String,java.lang.String,java.lang.String,java.lang.String,int,java.lang.String,java.lang.String,java.lang.String,java.lang.String,java.lang.String,java.lang.String,java.lang.String,java.lang.String,java.lang.String,java.lang.String,java.lang.String,java.lang.String)[pri:0, instance:Authentification.CreateJobOrder@47faa49c]" started-at="2021-09-01T17:30:52 CEST" name="TestAddJobOrder" data-provider="RegisterData" finished-at="2021-09-01T17:31:01 CEST" duration-ms="9139" status="PASS">
          <params>
            <param index="0">
              <value>
                <![CDATA[Test Job]]>
              </value>
            </param>
            <param index="1">
              <value>
                <![CDATA[]]>
              </value>
            </param>
            <param index="2">
              <value>
                <![CDATA[Nantes]]>
              </value>
            </param>
            <param index="3">
              <value>
                <![CDATA[France]]>
              </value>
            </param>
            <param index="4">
              <value>
                <![CDATA[Bardo, Laura]]>
              </value>
            </param>
            <param index="5">
              <value>
                <![CDATA[azerty, azerty]]>
              </value>
            </param>
            <param index="6">
              <value>
                <![CDATA[FL (Freelance)]]>
              </value>
            </param>
            <param index="7">
              <value>
                <![CDATA[1664]]>
              </value>
            </param>
            <param index="8">
              <value>
                <![CDATA[Message d'erreur]]>
              </value>
            </param>
            <param index="9">
              <value>
                <![CDATA[3]]>
              </value>
            </param>
            <param index="10">
              <value>
                <![CDATA[44]]>
              </value>
            </param>
            <param index="11">
              <value>
                <![CDATA[None]]>
              </value>
            </param>
            <param index="12">
              <value>
                <![CDATA[Jun]]>
              </value>
            </param>
            <param index="13">
              <value>
                <![CDATA[1990]]>
              </value>
            </param>
            <param index="14">
              <value>
                <![CDATA[400]]>
              </value>
            </param>
            <param index="15">
              <value>
                <![CDATA[5000]]>
              </value>
            </param>
            <param index="16">
              <value>
                <![CDATA[30]]>
              </value>
            </param>
            <param index="17">
              <value>
                <![CDATA[x]]>
              </value>
            </param>
            <param index="18">
              <value>
                <![CDATA[x]]>
              </value>
            </param>
            <param index="19">
              <value>
                <![CDATA[Very Good]]>
              </value>
            </param>
            <param index="20">
              <value>
                <![CDATA[Good text]]>
              </value>
            </param>
            <param index="21">
              <value>
                <![CDATA[]]>
              </value>
            </param>
          </params>
          <reporter-output>
          </reporter-output>
        </test-method> <!-- TestAddJobOrder -->
        <test-method signature="TestAddJobOrder(java.lang.String,java.lang.String,java.lang.String,java.lang.String,java.lang.String,java.lang.String,java.lang.String,java.lang.String,java.lang.String,int,java.lang.String,java.lang.String,java.lang.String,java.lang.String,java.lang.String,java.lang.String,java.lang.String,java.lang.String,java.lang.String,java.lang.String,java.lang.String,java.lang.String)[pri:0, instance:Authentification.CreateJobOrder@47faa49c]" started-at="2021-09-01T17:31:01 CEST" name="TestAddJobOrder" data-provider="RegisterData" finished-at="2021-09-01T17:31:10 CEST" duration-ms="9414" status="PASS">
          <params>
            <param index="0">
              <value>
                <![CDATA[Test Job]]>
              </value>
            </param>
            <param index="1">
              <value>
                <![CDATA[Amazon]]>
              </value>
            </param>
            <param index="2">
              <value>
                <![CDATA[]]>
              </value>
            </param>
            <param index="3">
              <value>
                <![CDATA[France]]>
              </value>
            </param>
            <param index="4">
              <value>
                <![CDATA[Bardo, Laura]]>
              </value>
            </param>
            <param index="5">
              <value>
                <![CDATA[azerty, azerty]]>
              </value>
            </param>
            <param index="6">
              <value>
                <![CDATA[FL (Freelance)]]>
              </value>
            </param>
            <param index="7">
              <value>
                <![CDATA[1664]]>
              </value>
            </param>
            <param index="8">
              <value>
                <![CDATA[Message d'erreur]]>
              </value>
            </param>
            <param index="9">
              <value>
                <![CDATA[4]]>
              </value>
            </param>
            <param index="10">
              <value>
                <![CDATA[44]]>
              </value>
            </param>
            <param index="11">
              <value>
                <![CDATA[None]]>
              </value>
            </param>
            <param index="12">
              <value>
                <![CDATA[Jun]]>
              </value>
            </param>
            <param index="13">
              <value>
                <![CDATA[1990]]>
              </value>
            </param>
            <param index="14">
              <value>
                <![CDATA[400]]>
              </value>
            </param>
            <param index="15">
              <value>
                <![CDATA[5000]]>
              </value>
            </param>
            <param index="16">
              <value>
                <![CDATA[30]]>
              </value>
            </param>
            <param index="17">
              <value>
                <![CDATA[x]]>
              </value>
            </param>
            <param index="18">
              <value>
                <![CDATA[x]]>
              </value>
            </param>
            <param index="19">
              <value>
                <![CDATA[Very Good]]>
              </value>
            </param>
            <param index="20">
              <value>
                <![CDATA[Good text]]>
              </value>
            </param>
            <param index="21">
              <value>
                <![CDATA[]]>
              </value>
            </param>
          </params>
          <reporter-output>
          </reporter-output>
        </test-method> <!-- TestAddJobOrder -->
        <test-method signature="TestAddJobOrder(java.lang.String,java.lang.String,java.lang.String,java.lang.String,java.lang.String,java.lang.String,java.lang.String,java.lang.String,java.lang.String,int,java.lang.String,java.lang.String,java.lang.String,java.lang.String,java.lang.String,java.lang.String,java.lang.String,java.lang.String,java.lang.String,java.lang.String,java.lang.String,java.lang.String)[pri:0, instance:Authentification.CreateJobOrder@47faa49c]" started-at="2021-09-01T17:31:10 CEST" name="TestAddJobOrder" data-provider="RegisterData" finished-at="2021-09-01T17:31:20 CEST" duration-ms="9373" status="PASS">
          <params>
            <param index="0">
              <value>
                <![CDATA[Test Job]]>
              </value>
            </param>
            <param index="1">
              <value>
                <![CDATA[Amazon]]>
              </value>
            </param>
            <param index="2">
              <value>
                <![CDATA[Nantes]]>
              </value>
            </param>
            <param index="3">
              <value>
                <![CDATA[]]>
              </value>
            </param>
            <param index="4">
              <value>
                <![CDATA[Bardo, Laura]]>
              </value>
            </param>
            <param index="5">
              <value>
                <![CDATA[azerty, azerty]]>
              </value>
            </param>
            <param index="6">
              <value>
                <![CDATA[FL (Freelance)]]>
              </value>
            </param>
            <param index="7">
              <value>
                <![CDATA[1664]]>
              </value>
            </param>
            <param index="8">
              <value>
                <![CDATA[Message d'erreur]]>
              </value>
            </param>
            <param index="9">
              <value>
                <![CDATA[5]]>
              </value>
            </param>
            <param index="10">
              <value>
                <![CDATA[44]]>
              </value>
            </param>
            <param index="11">
              <value>
                <![CDATA[None]]>
              </value>
            </param>
            <param index="12">
              <value>
                <![CDATA[Jun]]>
              </value>
            </param>
            <param index="13">
              <value>
                <![CDATA[1990]]>
              </value>
            </param>
            <param index="14">
              <value>
                <![CDATA[400]]>
              </value>
            </param>
            <param index="15">
              <value>
                <![CDATA[5000]]>
              </value>
            </param>
            <param index="16">
              <value>
                <![CDATA[30]]>
              </value>
            </param>
            <param index="17">
              <value>
                <![CDATA[x]]>
              </value>
            </param>
            <param index="18">
              <value>
                <![CDATA[x]]>
              </value>
            </param>
            <param index="19">
              <value>
                <![CDATA[Very Good]]>
              </value>
            </param>
            <param index="20">
              <value>
                <![CDATA[Good text]]>
              </value>
            </param>
            <param index="21">
              <value>
                <![CDATA[]]>
              </value>
            </param>
          </params>
          <reporter-output>
          </reporter-output>
        </test-method> <!-- TestAddJobOrder -->
        <test-method signature="TestAddJobOrder(java.lang.String,java.lang.String,java.lang.String,java.lang.String,java.lang.String,java.lang.String,java.lang.String,java.lang.String,java.lang.String,int,java.lang.String,java.lang.String,java.lang.String,java.lang.String,java.lang.String,java.lang.String,java.lang.String,java.lang.String,java.lang.String,java.lang.String,java.lang.String,java.lang.String)[pri:0, instance:Authentification.CreateJobOrder@47faa49c]" started-at="2021-09-01T17:31:20 CEST" name="TestAddJobOrder" data-provider="RegisterData" finished-at="2021-09-01T17:31:29 CEST" duration-ms="9507" status="PASS">
          <params>
            <param index="0">
              <value>
                <![CDATA[Test Job]]>
              </value>
            </param>
            <param index="1">
              <value>
                <![CDATA[Amazon]]>
              </value>
            </param>
            <param index="2">
              <value>
                <![CDATA[Nantes]]>
              </value>
            </param>
            <param index="3">
              <value>
                <![CDATA[France]]>
              </value>
            </param>
            <param index="4">
              <value>
                <![CDATA[(Select a User)]]>
              </value>
            </param>
            <param index="5">
              <value>
                <![CDATA[azerty, azerty]]>
              </value>
            </param>
            <param index="6">
              <value>
                <![CDATA[FL (Freelance)]]>
              </value>
            </param>
            <param index="7">
              <value>
                <![CDATA[1664]]>
              </value>
            </param>
            <param index="8">
              <value>
                <![CDATA[Message d'erreur]]>
              </value>
            </param>
            <param index="9">
              <value>
                <![CDATA[6]]>
              </value>
            </param>
            <param index="10">
              <value>
                <![CDATA[44]]>
              </value>
            </param>
            <param index="11">
              <value>
                <![CDATA[None]]>
              </value>
            </param>
            <param index="12">
              <value>
                <![CDATA[Jun]]>
              </value>
            </param>
            <param index="13">
              <value>
                <![CDATA[1990]]>
              </value>
            </param>
            <param index="14">
              <value>
                <![CDATA[400]]>
              </value>
            </param>
            <param index="15">
              <value>
                <![CDATA[5000]]>
              </value>
            </param>
            <param index="16">
              <value>
                <![CDATA[30]]>
              </value>
            </param>
            <param index="17">
              <value>
                <![CDATA[x]]>
              </value>
            </param>
            <param index="18">
              <value>
                <![CDATA[x]]>
              </value>
            </param>
            <param index="19">
              <value>
                <![CDATA[Very Good]]>
              </value>
            </param>
            <param index="20">
              <value>
                <![CDATA[Good text]]>
              </value>
            </param>
            <param index="21">
              <value>
                <![CDATA[]]>
              </value>
            </param>
          </params>
          <reporter-output>
          </reporter-output>
        </test-method> <!-- TestAddJobOrder -->
        <test-method signature="TestAddJobOrder(java.lang.String,java.lang.String,java.lang.String,java.lang.String,java.lang.String,java.lang.String,java.lang.String,java.lang.String,java.lang.String,int,java.lang.String,java.lang.String,java.lang.String,java.lang.String,java.lang.String,java.lang.String,java.lang.String,java.lang.String,java.lang.String,java.lang.String,java.lang.String,java.lang.String)[pri:0, instance:Authentification.CreateJobOrder@47faa49c]" started-at="2021-09-01T17:31:29 CEST" name="TestAddJobOrder" data-provider="RegisterData" finished-at="2021-09-01T17:31:38 CEST" duration-ms="8814" status="FAIL">
          <params>
            <param index="0">
              <value>
                <![CDATA[Test Job]]>
              </value>
            </param>
            <param index="1">
              <value>
                <![CDATA[Amazon]]>
              </value>
            </param>
            <param index="2">
              <value>
                <![CDATA[Nantes]]>
              </value>
            </param>
            <param index="3">
              <value>
                <![CDATA[France]]>
              </value>
            </param>
            <param index="4">
              <value>
                <![CDATA[Bardo, Laura]]>
              </value>
            </param>
            <param index="5">
              <value>
                <![CDATA[(Select a User)]]>
              </value>
            </param>
            <param index="6">
              <value>
                <![CDATA[FL (Freelance)]]>
              </value>
            </param>
            <param index="7">
              <value>
                <![CDATA[1664]]>
              </value>
            </param>
            <param index="8">
              <value>
                <![CDATA[Message d'erreur]]>
              </value>
            </param>
            <param index="9">
              <value>
                <![CDATA[7]]>
              </value>
            </param>
            <param index="10">
              <value>
                <![CDATA[44]]>
              </value>
            </param>
            <param index="11">
              <value>
                <![CDATA[None]]>
              </value>
            </param>
            <param index="12">
              <value>
                <![CDATA[Jun]]>
              </value>
            </param>
            <param index="13">
              <value>
                <![CDATA[1990]]>
              </value>
            </param>
            <param index="14">
              <value>
                <![CDATA[400]]>
              </value>
            </param>
            <param index="15">
              <value>
                <![CDATA[5000]]>
              </value>
            </param>
            <param index="16">
              <value>
                <![CDATA[30]]>
              </value>
            </param>
            <param index="17">
              <value>
                <![CDATA[x]]>
              </value>
            </param>
            <param index="18">
              <value>
                <![CDATA[x]]>
              </value>
            </param>
            <param index="19">
              <value>
                <![CDATA[Very Good]]>
              </value>
            </param>
            <param index="20">
              <value>
                <![CDATA[Good text]]>
              </value>
            </param>
            <param index="21">
              <value>
                <![CDATA[]]>
              </value>
            </param>
          </params>
          <exception class="java.lang.AssertionError">
            <message>
              <![CDATA[expected [Message erreur serveur] but found [Message d'erreur]]]>
            </message>
            <full-stacktrace>
              <![CDATA[java.lang.AssertionError: expected [Message erreur serveur] but found [Message d'erreur]
at org.testng.Assert.fail(Assert.java:99)
at org.testng.Assert.failNotEquals(Assert.java:1037)
at org.testng.Assert.assertEqualsImpl(Assert.java:140)
at org.testng.Assert.assertEquals(Assert.java:122)
at org.testng.Assert.assertEquals(Assert.java:629)
at org.testng.Assert.assertEquals(Assert.java:639)
at Authentification.CreateJobOrder.TestAddJobOrder(CreateJobOrder.java:500)
at java.base/jdk.internal.reflect.NativeMethodAccessorImpl.invoke0(Native Method)
at java.base/jdk.internal.reflect.NativeMethodAccessorImpl.invoke(NativeMethodAccessorImpl.java:78)
at java.base/jdk.internal.reflect.DelegatingMethodAccessorImpl.invoke(DelegatingMethodAccessorImpl.java:43)
at java.base/java.lang.reflect.Method.invoke(Method.java:567)
at org.testng.internal.MethodInvocationHelper.invokeMethod(MethodInvocationHelper.java:133)
at org.testng.internal.TestInvoker.invokeMethod(TestInvoker.java:598)
at org.testng.internal.TestInvoker.invokeTestMethod(TestInvoker.java:173)
at org.testng.internal.MethodRunner.runInSequence(MethodRunner.java:46)
at org.testng.internal.TestInvoker$MethodInvocationAgent.invoke(TestInvoker.java:824)
at org.testng.internal.TestInvoker.invokeTestMethods(TestInvoker.java:146)
at org.testng.internal.TestMethodWorker.invokeTestMethods(TestMethodWorker.java:146)
at org.testng.internal.TestMethodWorker.run(TestMethodWorker.java:128)
at java.base/java.util.ArrayList.forEach(ArrayList.java:1511)
at org.testng.TestRunner.privateRun(TestRunner.java:794)
at org.testng.TestRunner.run(TestRunner.java:596)
at org.testng.SuiteRunner.runTest(SuiteRunner.java:377)
at org.testng.SuiteRunner.runSequentially(SuiteRunner.java:371)
at org.testng.SuiteRunner.privateRun(SuiteRunner.java:332)
at org.testng.SuiteRunner.run(SuiteRunner.java:276)
at org.testng.SuiteRunnerWorker.runSuite(SuiteRunnerWorker.java:53)
at org.testng.SuiteRunnerWorker.run(SuiteRunnerWorker.java:96)
at org.testng.TestNG.runSuitesSequentially(TestNG.java:1212)
at org.testng.TestNG.runSuitesLocally(TestNG.java:1134)
at org.testng.TestNG.runSuites(TestNG.java:1063)
at org.testng.TestNG.run(TestNG.java:1031)
at org.testng.remote.AbstractRemoteTestNG.run(AbstractRemoteTestNG.java:115)
at org.testng.remote.RemoteTestNG.initAndRun(RemoteTestNG.java:251)
at org.testng.remote.RemoteTestNG.main(RemoteTestNG.java:77)
]]>
            </full-stacktrace>
          </exception> <!-- java.lang.AssertionError -->
          <reporter-output>
          </reporter-output>
        </test-method> <!-- TestAddJobOrder -->
        <test-method signature="TestAddJobOrder(java.lang.String,java.lang.String,java.lang.String,java.lang.String,java.lang.String,java.lang.String,java.lang.String,java.lang.String,java.lang.String,int,java.lang.String,java.lang.String,java.lang.String,java.lang.String,java.lang.String,java.lang.String,java.lang.String,java.lang.String,java.lang.String,java.lang.String,java.lang.String,java.lang.String)[pri:0, instance:Authentification.CreateJobOrder@47faa49c]" started-at="2021-09-01T17:31:38 CEST" name="TestAddJobOrder" data-provider="RegisterData" finished-at="2021-09-01T17:31:47 CEST" duration-ms="8943" status="FAIL">
          <params>
            <param index="0">
              <value>
                <![CDATA[Test Job]]>
              </value>
            </param>
            <param index="1">
              <value>
                <![CDATA[Amazon]]>
              </value>
            </param>
            <param index="2">
              <value>
                <![CDATA[Nantes]]>
              </value>
            </param>
            <param index="3">
              <value>
                <![CDATA[France]]>
              </value>
            </param>
            <param index="4">
              <value>
                <![CDATA[Bardo, Laura]]>
              </value>
            </param>
            <param index="5">
              <value>
                <![CDATA[azerty, azerty]]>
              </value>
            </param>
            <param index="6">
              <value>
                <![CDATA[C (Contract)]]>
              </value>
            </param>
            <param index="7">
              <value>
                <![CDATA[1664]]>
              </value>
            </param>
            <param index="8">
              <value>
                <![CDATA[Message d'erreur]]>
              </value>
            </param>
            <param index="9">
              <value>
                <![CDATA[8]]>
              </value>
            </param>
            <param index="10">
              <value>
                <![CDATA[44]]>
              </value>
            </param>
            <param index="11">
              <value>
                <![CDATA[None]]>
              </value>
            </param>
            <param index="12">
              <value>
                <![CDATA[Jun]]>
              </value>
            </param>
            <param index="13">
              <value>
                <![CDATA[1990]]>
              </value>
            </param>
            <param index="14">
              <value>
                <![CDATA[400]]>
              </value>
            </param>
            <param index="15">
              <value>
                <![CDATA[5000]]>
              </value>
            </param>
            <param index="16">
              <value>
                <![CDATA[30]]>
              </value>
            </param>
            <param index="17">
              <value>
                <![CDATA[x]]>
              </value>
            </param>
            <param index="18">
              <value>
                <![CDATA[x]]>
              </value>
            </param>
            <param index="19">
              <value>
                <![CDATA[Very Good]]>
              </value>
            </param>
            <param index="20">
              <value>
                <![CDATA[Good text]]>
              </value>
            </param>
            <param index="21">
              <value>
                <![CDATA[]]>
              </value>
            </param>
          </params>
          <exception class="java.lang.AssertionError">
            <message>
              <![CDATA[expected [Job Order Created] but found [Message d'erreur]]]>
            </message>
            <full-stacktrace>
              <![CDATA[java.lang.AssertionError: expected [Job Order Created] but found [Message d'erreur]
at org.testng.Assert.fail(Assert.java:99)
at org.testng.Assert.failNotEquals(Assert.java:1037)
at org.testng.Assert.assertEqualsImpl(Assert.java:140)
at org.testng.Assert.assertEquals(Assert.java:122)
at org.testng.Assert.assertEquals(Assert.java:629)
at org.testng.Assert.assertEquals(Assert.java:639)
at Authentification.CreateJobOrder.TestAddJobOrder(CreateJobOrder.java:500)
at java.base/jdk.internal.reflect.NativeMethodAccessorImpl.invoke0(Native Method)
at java.base/jdk.internal.reflect.NativeMethodAccessorImpl.invoke(NativeMethodAccessorImpl.java:78)
at java.base/jdk.internal.reflect.DelegatingMethodAccessorImpl.invoke(DelegatingMethodAccessorImpl.java:43)
at java.base/java.lang.reflect.Method.invoke(Method.java:567)
at org.testng.internal.MethodInvocationHelper.invokeMethod(MethodInvocationHelper.java:133)
at org.testng.internal.TestInvoker.invokeMethod(TestInvoker.java:598)
at org.testng.internal.TestInvoker.invokeTestMethod(TestInvoker.java:173)
at org.testng.internal.MethodRunner.runInSequence(MethodRunner.java:46)
at org.testng.internal.TestInvoker$MethodInvocationAgent.invoke(TestInvoker.java:824)
at org.testng.internal.TestInvoker.invokeTestMethods(TestInvoker.java:146)
at org.testng.internal.TestMethodWorker.invokeTestMethods(TestMethodWorker.java:146)
at org.testng.internal.TestMethodWorker.run(TestMethodWorker.java:128)
at java.base/java.util.ArrayList.forEach(ArrayList.java:1511)
at org.testng.TestRunner.privateRun(TestRunner.java:794)
at org.testng.TestRunner.run(TestRunner.java:596)
at org.testng.SuiteRunner.runTest(SuiteRunner.java:377)
at org.testng.SuiteRunner.runSequentially(SuiteRunner.java:371)
at org.testng.SuiteRunner.privateRun(SuiteRunner.java:332)
at org.testng.SuiteRunner.run(SuiteRunner.java:276)
at org.testng.SuiteRunnerWorker.runSuite(SuiteRunnerWorker.java:53)
at org.testng.SuiteRunnerWorker.run(SuiteRunnerWorker.java:96)
at org.testng.TestNG.runSuitesSequentially(TestNG.java:1212)
at org.testng.TestNG.runSuitesLocally(TestNG.java:1134)
at org.testng.TestNG.runSuites(TestNG.java:1063)
at org.testng.TestNG.run(TestNG.java:1031)
at org.testng.remote.AbstractRemoteTestNG.run(AbstractRemoteTestNG.java:115)
at org.testng.remote.RemoteTestNG.initAndRun(RemoteTestNG.java:251)
at org.testng.remote.RemoteTestNG.main(RemoteTestNG.java:77)
]]>
            </full-stacktrace>
          </exception> <!-- java.lang.AssertionError -->
          <reporter-output>
          </reporter-output>
        </test-method> <!-- TestAddJobOrder -->
        <test-method signature="TestAddJobOrder(java.lang.String,java.lang.String,java.lang.String,java.lang.String,java.lang.String,java.lang.String,java.lang.String,java.lang.String,java.lang.String,int,java.lang.String,java.lang.String,java.lang.String,java.lang.String,java.lang.String,java.lang.String,java.lang.String,java.lang.String,java.lang.String,java.lang.String,java.lang.String,java.lang.String)[pri:0, instance:Authentification.CreateJobOrder@47faa49c]" started-at="2021-09-01T17:31:47 CEST" name="TestAddJobOrder" data-provider="RegisterData" finished-at="2021-09-01T17:31:57 CEST" duration-ms="9900" status="PASS">
          <params>
            <param index="0">
              <value>
                <![CDATA[Test Job]]>
              </value>
            </param>
            <param index="1">
              <value>
                <![CDATA[Amazon]]>
              </value>
            </param>
            <param index="2">
              <value>
                <![CDATA[Nantes]]>
              </value>
            </param>
            <param index="3">
              <value>
                <![CDATA[France]]>
              </value>
            </param>
            <param index="4">
              <value>
                <![CDATA[Bardo, Laura]]>
              </value>
            </param>
            <param index="5">
              <value>
                <![CDATA[azerty, azerty]]>
              </value>
            </param>
            <param index="6">
              <value>
                <![CDATA[FL (Freelance)]]>
              </value>
            </param>
            <param index="7">
              <value>
                <![CDATA[]]>
              </value>
            </param>
            <param index="8">
              <value>
                <![CDATA[Message d'erreur]]>
              </value>
            </param>
            <param index="9">
              <value>
                <![CDATA[9]]>
              </value>
            </param>
            <param index="10">
              <value>
                <![CDATA[44]]>
              </value>
            </param>
            <param index="11">
              <value>
                <![CDATA[None]]>
              </value>
            </param>
            <param index="12">
              <value>
                <![CDATA[Jun]]>
              </value>
            </param>
            <param index="13">
              <value>
                <![CDATA[1990]]>
              </value>
            </param>
            <param index="14">
              <value>
                <![CDATA[400]]>
              </value>
            </param>
            <param index="15">
              <value>
                <![CDATA[5000]]>
              </value>
            </param>
            <param index="16">
              <value>
                <![CDATA[30]]>
              </value>
            </param>
            <param index="17">
              <value>
                <![CDATA[x]]>
              </value>
            </param>
            <param index="18">
              <value>
                <![CDATA[x]]>
              </value>
            </param>
            <param index="19">
              <value>
                <![CDATA[Very Good]]>
              </value>
            </param>
            <param index="20">
              <value>
                <![CDATA[Good text]]>
              </value>
            </param>
            <param index="21">
              <value>
                <![CDATA[]]>
              </value>
            </param>
          </params>
          <reporter-output>
          </reporter-output>
        </test-method> <!-- TestAddJobOrder -->
        <test-method is-config="true" signature="afterClass()[pri:0, instance:Authentification.CreateJobOrder@47faa49c]" started-at="2021-09-01T17:31:57 CEST" name="afterClass" finished-at="2021-09-01T17:31:57 CEST" duration-ms="220" status="PASS">
          <reporter-output>
          </reporter-output>
        </test-method> <!-- afterClass -->
      </class> <!-- Authentification.CreateJobOrder -->
    </test> <!-- Default test -->
  </suite> <!-- Default suite -->
</testng-results>
