<?xml version="1.0" encoding="UTF-8"?>
<!-- Generated by org.testng.reporters.JUnitXMLReporter -->
<testsuite ignored="0" hostname="ACo-PC-Fixe" failures="0" tests="4" name="Test" time="0.033" errors="0" timestamp="2022-01-03T10:24:42 CET">
  <testcase classname="demo.TestNGGroupsDemo" name="test1" time="0.005"/>
  <testcase classname="demo.TestNGGroupsDemo" name="test2" time="0.0"/>
  <testcase classname="demo.TestNGGroupsDemo" name="test3" time="0.0"/>
  <testcase classname="demo.TestNGGroupsDemo" name="test4" time="0.0"/>
</testsuite> <!-- Test -->
